<?xml version="1.0" encoding="UTF-8"?>
<testsuite name="ScrabbleTest" tests="4" skipped="0" failures="0" errors="0" timestamp="2016-04-19T20:45:58" hostname="epicodus-79.local" time="0.002">
  <properties/>
  <testcase name="scrabbleScore_returnsScoreForSingleLetter_score" classname="ScrabbleTest" time="0.001"/>
  <testcase name="scrabbleScore_returnsScoreForWordWithMultipleLetters_score" classname="ScrabbleTest" time="0.0"/>
  <testcase name="scrabbleScore_returnsScoreForSentenceWithSpaces_score" classname="ScrabbleTest" time="0.0"/>
  <testcase name="scrabbleScore_returnsScoreForSentenceWithCapitalLetters_score" classname="ScrabbleTest" time="0.0"/>
  <system-out><![CDATA[]]></system-out>
  <system-err><![CDATA[]]></system-err>
</testsuite>
